<?xml version="1.0" encoding="UTF-8"?>
<!-- Generated by org.testng.reporters.JUnitReportReporter -->
<testsuite hostname="ip-172-31-21-20" failures="0" tests="3" name="com.simplilearn.TestngDemos.SkipTestDemo" time="0.008" errors="0" timestamp="2023-05-27T06:47:39 UTC" skipped="3">
  <testcase classname="com.simplilearn.TestngDemos.SkipTestDemo" name="test3" time="0.001">
    <skipped/>
  </testcase> <!-- test3 -->
  <system-out/>
  <testcase classname="com.simplilearn.TestngDemos.SkipTestDemo" name="test2" time="0.007">
    <skipped/>
  </testcase> <!-- test2 -->
  <system-out/>
  <testcase classname="com.simplilearn.TestngDemos.SkipTestDemo" name="test1">
    <skipped/>
  </testcase> <!-- test1 -->
  <system-out/>
</testsuite> <!-- com.simplilearn.TestngDemos.SkipTestDemo -->
