<?xml version="1.0" encoding="UTF-8"?>
<!-- Generated by org.testng.reporters.JUnitReportReporter -->
<testsuite hostname="ip-172-31-21-20" failures="0" tests="1" name="com.simplilearn.TestngDemos.TestCaseDemo" time="1.756" errors="0" timestamp="2023-05-27T06:47:39 UTC" skipped="0">
  <testcase classname="com.simplilearn.TestngDemos.TestCaseDemo" name="testCase" time="1.756"/>
  <system-out/>
</testsuite> <!-- com.simplilearn.TestngDemos.TestCaseDemo -->
