<?xml version="1.0" encoding="UTF-8"?>
<!-- Generated by org.testng.reporters.JUnitReportReporter -->
<testsuite hostname="ip-172-31-21-20" failures="0" tests="1" name="com.simplilearn.TestngDemos.TestNgreporterDemo" time="2.467" errors="0" timestamp="2023-05-27T07:20:19 UTC" skipped="0">
  <testcase classname="com.simplilearn.TestngDemos.TestNgreporterDemo" name="testReport" time="2.467"/>
  <system-out>
    <![CDATA[ChromeDriver Initialized
Browser window Maximized
Web Page Google Opened
Application Closed...]]>
  </system-out>
</testsuite> <!-- com.simplilearn.TestngDemos.TestNgreporterDemo -->
