<?xml version="1.0" encoding="UTF-8"?>
<!-- Generated by org.testng.reporters.JUnitReportReporter -->
<testsuite hostname="ip-172-31-21-20" failures="0" tests="1" name="com.simplilearn.TestngDemos.AppTest" time="0.179" errors="0" timestamp="2023-05-27T06:47:39 UTC" skipped="0">
  <testcase classname="com.simplilearn.TestngDemos.AppTest" name="verifyHomePage" time="0.179"/>
  <system-out/>
</testsuite> <!-- com.simplilearn.TestngDemos.AppTest -->
