<?xml version="1.0" encoding="UTF-8"?>
<!-- Generated by org.testng.reporters.JUnitReportReporter -->
<testsuite hostname="ip-172-31-21-20" failures="0" tests="2" name="com.simplilearn.TestngDemos.TestNgAnnotations" time="0.006" errors="0" timestamp="2023-05-27T06:47:39 UTC" skipped="0">
  <testcase classname="com.simplilearn.TestngDemos.TestNgAnnotations" name="test1" time="0.002"/>
  <system-out/>
  <testcase classname="com.simplilearn.TestngDemos.TestNgAnnotations" name="test2" time="0.004"/>
  <system-out/>
</testsuite> <!-- com.simplilearn.TestngDemos.TestNgAnnotations -->
